<?xml version="1.0" encoding="UTF-8"?>
<!-- Generated by org.testng.reporters.JUnitXMLReporter -->
<testsuite hostname="PF19GKQ2" ignored="0" name="Default test" tests="3" failures="0" timestamp="18 Dec 2019 05:25:47 GMT" time="29.15" errors="0">
  <testcase name="openURL" time="22.002" classname="TestSteps.TestCase2"/>
  <testcase name="ProductSearchResult" time="0.115" classname="TestSteps.TestCase2"/>
  <testcase name="ProductSearchResult" time="2.137" classname="TestSteps.TestCase2"/>
</testsuite> <!-- Default test -->
