<?xml version="1.0" encoding="UTF-8"?>
<testng-results skipped="0" failed="0" ignored="0" total="3" passed="3">
  <reporter-output>
  </reporter-output>
  <suite name="Default suite" duration-ms="29150" started-at="2019-12-18T05:25:18Z" finished-at="2019-12-18T05:25:47Z">
    <groups>
    </groups>
    <test name="Default test" duration-ms="29150" started-at="2019-12-18T05:25:18Z" finished-at="2019-12-18T05:25:47Z">
      <class name="TestSteps.TestCase2">
        <test-method status="PASS" signature="Setup()[pri:0, instance:TestSteps.TestCase2@5442a311]" name="Setup" is-config="true" duration-ms="2822" started-at="2019-12-18T05:25:18Z" finished-at="2019-12-18T05:25:21Z">
          <reporter-output>
          </reporter-output>
        </test-method> <!-- Setup -->
        <test-method status="PASS" signature="openURL()[pri:0, instance:TestSteps.TestCase2@5442a311]" name="openURL" duration-ms="22002" started-at="2019-12-18T05:25:21Z" finished-at="2019-12-18T05:25:43Z">
          <reporter-output>
          </reporter-output>
        </test-method> <!-- openURL -->
        <test-method status="PASS" signature="ProductSearchResult(java.lang.String, java.lang.String, java.lang.String, java.lang.String)[pri:0, instance:TestSteps.TestCase2@5442a311]" name="ProductSearchResult" duration-ms="115" started-at="2019-12-18T05:25:44Z" data-provider="ProductData" depends-on-methods="TestSteps.TestCase2.openURL" finished-at="2019-12-18T05:25:44Z">
          <params>
            <param index="0">
              <value>
                <![CDATA[1]]>
              </value>
            </param>
            <param index="1">
              <value>
                <![CDATA[₹269]]>
              </value>
            </param>
            <param index="2">
              <value>
                <![CDATA[₹40]]>
              </value>
            </param>
            <param index="3">
              <value>
                <![CDATA[₹309]]>
              </value>
            </param>
          </params>
          <reporter-output>
          </reporter-output>
        </test-method> <!-- ProductSearchResult -->
        <test-method status="PASS" signature="ProductSearchResult(java.lang.String, java.lang.String, java.lang.String, java.lang.String)[pri:0, instance:TestSteps.TestCase2@5442a311]" name="ProductSearchResult" duration-ms="2137" started-at="2019-12-18T05:25:44Z" data-provider="ProductData" depends-on-methods="TestSteps.TestCase2.openURL" finished-at="2019-12-18T05:25:46Z">
          <params>
            <param index="0">
              <value>
                <![CDATA[2]]>
              </value>
            </param>
            <param index="1">
              <value>
                <![CDATA[₹538]]>
              </value>
            </param>
            <param index="2">
              <value>
                <![CDATA[FREE]]>
              </value>
            </param>
            <param index="3">
              <value>
                <![CDATA[₹538]]>
              </value>
            </param>
          </params>
          <reporter-output>
          </reporter-output>
        </test-method> <!-- ProductSearchResult -->
        <test-method status="PASS" signature="endSetup()[pri:0, instance:TestSteps.TestCase2@5442a311]" name="endSetup" is-config="true" duration-ms="1066" started-at="2019-12-18T05:25:46Z" finished-at="2019-12-18T05:25:47Z">
          <reporter-output>
          </reporter-output>
        </test-method> <!-- endSetup -->
      </class> <!-- TestSteps.TestCase2 -->
    </test> <!-- Default test -->
  </suite> <!-- Default suite -->
</testng-results>
